<?xml version="1.0" encoding="UTF-8"?>
<!-- Generated by org.testng.reporters.JUnitXMLReporter -->
<testsuite hostname="balnur" name="test1" tests="3" failures="1" timestamp="7 Sep 2016 17:00:00 GMT" time="0.047" errors="0">
  <testcase name="testAge" time="0.0" classname="testng.StudentTest"/>
  <testcase name="testGpa" time="0.0" classname="testng.StudentTest">
    <failure type="java.lang.AssertionError" message="expected [1.0] but found [2.0]">
      <![CDATA[java.lang.AssertionError: expected [1.0] but found [2.0]
	at testng.StudentTest.testGpa(StudentTest.java:50)
... Removed 29 stack frames]]>
    </failure>
  </testcase> <!-- testGpa -->
  <testcase name="testName" time="0.016" classname="testng.StudentTest"/>
</testsuite> <!-- test1 -->
