<?xml version="1.0" encoding="UTF-8"?>
<testng-results skipped="0" failed="1" total="3" passed="2">
  <reporter-output>
  </reporter-output>
  <suite name="tests" duration-ms="47" started-at="2016-09-07T17:00:00Z" finished-at="2016-09-07T17:00:00Z">
    <groups>
    </groups>
    <test name="test1" duration-ms="47" started-at="2016-09-07T17:00:00Z" finished-at="2016-09-07T17:00:00Z">
      <class name="testng.StudentTest">
        <test-method status="PASS" signature="beforeTest()[pri:0, instance:testng.StudentTest@6767c1fc]" name="beforeTest" is-config="true" duration-ms="0" started-at="2016-09-07T23:00:00Z" finished-at="2016-09-07T23:00:00Z">
          <reporter-output>
          </reporter-output>
        </test-method> <!-- beforeTest -->
        <test-method status="PASS" signature="beforeSuite()[pri:0, instance:testng.StudentTest@6767c1fc]" name="beforeSuite" is-config="true" duration-ms="0" started-at="2016-09-07T23:00:00Z" finished-at="2016-09-07T23:00:00Z">
          <reporter-output>
          </reporter-output>
        </test-method> <!-- beforeSuite -->
        <test-method status="PASS" signature="testAge()[pri:0, instance:testng.StudentTest@6767c1fc]" name="testAge" duration-ms="0" started-at="2016-09-07T23:00:00Z" finished-at="2016-09-07T23:00:00Z">
          <reporter-output>
          </reporter-output>
        </test-method> <!-- testAge -->
        <test-method status="FAIL" signature="testGpa()[pri:0, instance:testng.StudentTest@6767c1fc]" name="testGpa" duration-ms="0" started-at="2016-09-07T23:00:00Z" finished-at="2016-09-07T23:00:00Z">
          <exception class="java.lang.AssertionError">
            <message>
              <![CDATA[expected [1.0] but found [2.0]]]>
            </message>
            <full-stacktrace>
              <![CDATA[java.lang.AssertionError: expected [1.0] but found [2.0]
	at org.testng.Assert.fail(Assert.java:94)
	at org.testng.Assert.failNotEquals(Assert.java:513)
	at org.testng.Assert.assertEqualsImpl(Assert.java:135)
	at org.testng.Assert.assertEquals(Assert.java:116)
	at org.testng.Assert.assertEquals(Assert.java:179)
	at testng.StudentTest.testGpa(StudentTest.java:50)
	at sun.reflect.NativeMethodAccessorImpl.invoke0(Native Method)
	at sun.reflect.NativeMethodAccessorImpl.invoke(NativeMethodAccessorImpl.java:62)
	at sun.reflect.DelegatingMethodAccessorImpl.invoke(DelegatingMethodAccessorImpl.java:43)
	at java.lang.reflect.Method.invoke(Method.java:498)
	at org.testng.internal.MethodInvocationHelper.invokeMethod(MethodInvocationHelper.java:86)
	at org.testng.internal.Invoker.invokeMethod(Invoker.java:643)
	at org.testng.internal.Invoker.invokeTestMethod(Invoker.java:820)
	at org.testng.internal.Invoker.invokeTestMethods(Invoker.java:1128)
	at org.testng.internal.TestMethodWorker.invokeTestMethods(TestMethodWorker.java:129)
	at org.testng.internal.TestMethodWorker.run(TestMethodWorker.java:112)
	at org.testng.TestRunner.privateRun(TestRunner.java:782)
	at org.testng.TestRunner.run(TestRunner.java:632)
	at org.testng.SuiteRunner.runTest(SuiteRunner.java:366)
	at org.testng.SuiteRunner.runSequentially(SuiteRunner.java:361)
	at org.testng.SuiteRunner.privateRun(SuiteRunner.java:319)
	at org.testng.SuiteRunner.run(SuiteRunner.java:268)
	at org.testng.SuiteRunnerWorker.runSuite(SuiteRunnerWorker.java:52)
	at org.testng.SuiteRunnerWorker.run(SuiteRunnerWorker.java:86)
	at org.testng.TestNG.runSuitesSequentially(TestNG.java:1244)
	at org.testng.TestNG.runSuitesLocally(TestNG.java:1169)
	at org.testng.TestNG.run(TestNG.java:1064)
	at org.testng.remote.AbstractRemoteTestNG.run(AbstractRemoteTestNG.java:126)
	at org.testng.remote.RemoteTestNG.initAndRun(RemoteTestNG.java:152)
	at org.testng.remote.RemoteTestNG.main(RemoteTestNG.java:57)
]]>
            </full-stacktrace>
          </exception> <!-- java.lang.AssertionError -->
          <reporter-output>
          </reporter-output>
        </test-method> <!-- testGpa -->
        <test-method status="PASS" signature="testName()[pri:0, instance:testng.StudentTest@6767c1fc]" name="testName" duration-ms="16" started-at="2016-09-07T23:00:00Z" finished-at="2016-09-07T23:00:00Z">
          <reporter-output>
          </reporter-output>
        </test-method> <!-- testName -->
        <test-method status="PASS" signature="afterTest()[pri:0, instance:testng.StudentTest@6767c1fc]" name="afterTest" is-config="true" duration-ms="0" started-at="2016-09-07T23:00:00Z" finished-at="2016-09-07T23:00:00Z">
          <reporter-output>
          </reporter-output>
        </test-method> <!-- afterTest -->
        <test-method status="PASS" signature="afterSuite()[pri:0, instance:testng.StudentTest@6767c1fc]" name="afterSuite" is-config="true" duration-ms="0" started-at="2016-09-07T23:00:00Z" finished-at="2016-09-07T23:00:00Z">
          <reporter-output>
          </reporter-output>
        </test-method> <!-- afterSuite -->
      </class> <!-- testng.StudentTest -->
    </test> <!-- test1 -->
  </suite> <!-- tests -->
</testng-results>
